<?xml version="1.0" encoding="UTF-8"?>
<!-- Generated by org.testng.reporters.JUnitXMLReporter -->
<testsuite hostname="BLR-2FFDJM2-10L" ignored="0" name="Test" tests="6" failures="1" timestamp="2020-07-23T09:00:48 IST" time="7.272" errors="0">
  <testcase name="verifyEmployeeAge" time="3.789" classname="RestAssured.EmployeeDetails.EmployeeDetails"/>
  <testcase name="verifyEmployeeCompany" time="0.507" classname="RestAssured.EmployeeDetails.EmployeeDetails">
    <failure type="java.lang.AssertionError" message="ACTUAL COMPANY NAME IS : [ABC Infotech] AND EXPECTED COMPANY NAME IS : [IG Infotech] NOT EQUAL. expected [[IG Infotech]] but found [[ABC Infotech]]">
      <![CDATA[java.lang.AssertionError: ACTUAL COMPANY NAME IS : [ABC Infotech] AND EXPECTED COMPANY NAME IS : [IG Infotech] NOT EQUAL. expected [[IG Infotech]] but found [[ABC Infotech]]
at RestAssured.EmployeeDetails.EmployeeDetails.verifyEmployeeCompany(EmployeeDetails.java:115)
at java.util.ArrayList.forEach(Unknown Source)
... Removed 31 stack frames]]>
    </failure>
  </testcase> <!-- verifyEmployeeCompany -->
  <testcase name="verifyEmployeeDOB" time="0.485" classname="RestAssured.EmployeeDetails.EmployeeDetails"/>
  <testcase name="verifyEmployeeDataRetrievedMesage" time="0.895" classname="RestAssured.EmployeeDetails.EmployeeDetails"/>
  <testcase name="verifyEmployeeRole" time="0.927" classname="RestAssured.EmployeeDetails.EmployeeDetails"/>
  <testcase name="verifyEmployeeStatus" time="0.605" classname="RestAssured.EmployeeDetails.EmployeeDetails"/>
</testsuite> <!-- Test -->
