<?xml version="1.0" encoding="UTF-8"?>
<!-- Generated by org.testng.reporters.JUnitXMLReporter -->
<testsuite hostname="BLR-2FFDJM2-10L" ignored="0" name="Test" tests="6" failures="1" timestamp="2020-07-23T01:14:19 IST" time="6.399" errors="0">
  <testcase name="verifyEmployeeAge" time="3.894" classname="RestAssured.EmployeeDetails.EmployeeDetails"/>
  <testcase name="verifyEmployeeCompany" time="0.397" classname="RestAssured.EmployeeDetails.EmployeeDetails">
    <failure type="java.lang.AssertionError" message="ACTUAL COMPANY NAME IS : [ABC Infotech] AND EXPECTED COMPANY NAME IS : [IG Infotech] NOT EQUAL. expected [[IG Infotech]] but found [[ABC Infotech]]">
      <![CDATA[java.lang.AssertionError: ACTUAL COMPANY NAME IS : [ABC Infotech] AND EXPECTED COMPANY NAME IS : [IG Infotech] NOT EQUAL. expected [[IG Infotech]] but found [[ABC Infotech]]
at RestAssured.EmployeeDetails.EmployeeDetails.verifyEmployeeCompany(EmployeeDetails.java:107)
at java.util.ArrayList.forEach(Unknown Source)
... Removed 31 stack frames]]>
    </failure>
  </testcase> <!-- verifyEmployeeCompany -->
  <testcase name="verifyEmployeeDOB" time="0.38" classname="RestAssured.EmployeeDetails.EmployeeDetails"/>
  <testcase name="verifyEmployeeDataRetrievedMesage" time="0.4" classname="RestAssured.EmployeeDetails.EmployeeDetails"/>
  <testcase name="verifyEmployeeRole" time="0.473" classname="RestAssured.EmployeeDetails.EmployeeDetails"/>
  <testcase name="verifyEmployeeStatus" time="0.781" classname="RestAssured.EmployeeDetails.EmployeeDetails"/>
</testsuite> <!-- Test -->
